<?xml version="1.0" encoding="UTF-8"?>
<!-- Generated by org.testng.reporters.JUnitXMLReporter -->
<testsuite hostname="DESKTOP-KC0KVNL" ignored="0" tests="1" failures="0" timestamp="2021-01-13T16:02:15 IST" time="1.365" errors="0">
  <testcase name="@BeforeTest setUpTest" time="0.965" classname="TestNGLoginTest">
    <failure type="java.lang.IllegalStateException" message="The driver executable does not exist: D:\PSL\Personal\SeleniumPractice\MySeleniumSessionsClasses\src\main\java\utilities\chromedriver">
      <![CDATA[java.lang.IllegalStateException: The driver executable does not exist: D:\PSL\Personal\SeleniumPractice\MySeleniumSessionsClasses\src\main\java\utilities\chromedriver
at com.google.common.base.Preconditions.checkState(Preconditions.java:585)
at org.openqa.selenium.remote.service.DriverService.checkExecutable(DriverService.java:146)
at org.openqa.selenium.remote.service.DriverService.findExecutable(DriverService.java:141)
at org.openqa.selenium.chrome.ChromeDriverService.access$000(ChromeDriverService.java:35)
at org.openqa.selenium.chrome.ChromeDriverService$Builder.findDefaultExecutable(ChromeDriverService.java:159)
at org.openqa.selenium.remote.service.DriverService$Builder.build(DriverService.java:355)
at org.openqa.selenium.chrome.ChromeDriverService.createDefaultService(ChromeDriverService.java:94)
at org.openqa.selenium.chrome.ChromeDriver.<init>(ChromeDriver.java:157)
at TestNGLoginTest.setUpTest(TestNGLoginTest.java:34)
... Removed 24 stack frames]]>
    </failure>
  </testcase> <!-- @BeforeTest setUpTest -->
  <testcase name="@AfterTest TearDownTest" time="-1.610533935098E9" classname="TestNGLoginTest">
    <skipped/>
  </testcase> <!-- @AfterTest TearDownTest -->
  <testcase name="Login" time="0.0" classname="TestNGLoginTest">
    <skipped/>
  </testcase> <!-- Login -->
</testsuite>
